Results of soil water balance simulation:
                                                                                                         Soil
                                                                         Pot.  Actual  Actual    Soil   Water          Excess
  Day   Solar     Max     Min                                          Evapo-    Soil   Plant   Water Content Drought   Water
   of    Rad.    Temp    Temp    Rain   Irrig  Runoff   Infil   Drain   Trans   Evap.  Trans. content   (mm3/  Stress  Stress
 Year (MJ/m2)    (oC)    (oC)    (mm)    (mm)    (mm)    (mm)    (mm)    (mm)    (mm)    (mm)    (mm)    mm3)  Factor  Factor
    0     0.0     0.0     0.0    0.00    0.00    0.00    0.00    0.00    0.00    0.00    0.00  246.50   1.700   1.000   1.000
    1     5.1    20.0     4.4   23.90    0.00    0.00   23.90    0.00    1.06    1.06    0.01  269.34   1.857   1.000   1.000
    2    10.8    13.3     1.1    0.00    0.00    0.00    0.00    2.28    1.97    1.96    0.02  265.08   1.828   1.000   1.000
    3    12.1    14.4     1.1    0.00    0.00    0.00    0.00    1.86    2.25    2.23    0.02  260.97   1.800   1.000   1.000
    4     3.6    18.3     6.1   14.70    0.00    0.00   14.70    1.45    0.75    0.74    0.01  273.48   1.886   1.000   1.000
    5    12.8    17.2     5.6    0.80    0.00    0.00    0.80    2.70    2.60    2.57    0.02  268.98   1.855   1.000   1.000
    6    12.4    21.1     5.0    0.00    0.00    0.00    0.00    2.25    2.64    2.62    0.02  264.09   1.821   1.000   1.000
    7    11.1    21.7     7.2    0.00    0.00    0.00    0.00    1.76    2.43    2.41    0.02  259.90   1.792   1.000   1.000
    8    12.0    21.7     8.3    0.00    0.00    0.00    0.00    1.34    2.66    2.63    0.02  255.90   1.765   1.000   1.000
    9     6.1    20.0     8.3    0.00    0.00    0.00    0.00    0.94    1.32    1.31    0.01  253.64   1.749   1.000   1.000
   10     3.5    23.3    11.1    3.80    0.00    0.00    3.80    0.71    0.81    0.80    0.01  255.92   1.765   1.000   1.000
   11    13.5    19.4     2.8    0.00    0.00    0.00    0.00    0.94    2.75    2.73    0.02  252.22   1.739   1.000   1.000
   12    14.1    15.0    -2.2    0.00    0.00    0.00    0.00    0.57    2.56    2.53    0.02  249.09   1.718   1.000   1.000
   13    13.3    20.6     3.9    0.00    0.00    0.00    0.00    0.26    2.79    2.76    0.03  246.05   1.697   1.000   1.000
   14    12.1    23.3     2.8    0.00    0.00    0.00    0.00    0.00    2.61    2.57    0.02  243.45   1.679   1.000   1.000
   15     8.1    26.1    11.1    0.00    0.00    0.00    0.00    0.00    1.94    1.89    0.02  241.54   1.666   1.000   1.000
   16     5.3    24.4    14.4    6.30    0.00    0.00    6.30    0.00    1.28    1.23    0.01  246.60   1.701   1.000   1.000
   17     4.6    21.1    14.4    2.80    0.00    0.00    2.80    0.01    1.07    1.06    0.01  248.33   1.713   1.000   1.000
   18     9.7    27.8    11.1    0.00    0.00    0.00    0.00    0.18    2.37    2.35    0.02  245.77   1.695   1.000   1.000
   19     3.7    26.1     9.4    5.10    0.00    0.00    5.10    0.00    0.87    0.86    0.01  250.00   1.724   1.000   1.000
   20     8.0    17.8    10.0    0.00    0.00    0.00    0.00    0.35    1.71    1.69    0.02  247.95   1.710   1.000   1.000
   21     1.8    17.8     8.9   15.50    0.00    0.00   15.50    0.14    0.38    0.38    0.00  262.92   1.813   1.000   1.000
   22     5.5    16.1     8.3   33.00    0.00    0.00   33.00    1.64    1.13    1.12    0.01  293.15   2.022   1.000   1.000
   23    15.4    10.0     1.1    0.00    0.00    0.00    0.00    4.67    2.66    2.64    0.02  285.82   1.971   1.000   1.000
   24    13.6    16.1    -2.8    0.00    0.00    0.00    0.00    3.93    2.49    2.47    0.02  279.40   1.927   1.000   1.000
   25     3.2    17.8     6.1    0.00    0.00    0.00    0.00    3.29    0.66    0.65    0.01  275.45   1.900   1.000   1.000
   26     5.5    17.2     5.0    0.00    0.00    0.00    0.00    2.89    1.11    1.10    0.01  271.44   1.872   1.000   1.000
   27    15.9     8.9    -1.1    0.00    0.00    0.00    0.00    2.49    2.63    2.61    0.02  266.32   1.837   1.000   1.000
   28     7.6    17.8    -1.1    0.00    0.00    0.00    0.00    1.98    1.46    1.44    0.01  262.88   1.813   1.000   1.000
   29    14.4    21.7     2.8    0.00    0.00    0.00    0.00    1.64    3.03    3.01    0.03  258.21   1.781   1.000   1.000
   30    10.9    22.8    10.0    0.00    0.00    0.00    0.00    1.17    2.48    2.46    0.02  254.55   1.756   1.000   1.000
   31    15.8    22.2     8.9    0.00    0.00    0.00    0.00    0.81    3.54    3.51    0.03  250.21   1.726   1.000   1.000
   32    15.8    23.3     0.0    0.00    0.00    0.00    0.00    0.37    3.32    3.29    0.03  246.52   1.700   1.000   1.000
   33     7.1    23.3     7.2    3.60    0.00    0.00    3.60    0.00    1.59    1.58    0.01  248.53   1.714   1.000   1.000
   34    12.3    21.7     6.7    0.00    0.00    0.00    0.00    0.20    2.68    2.66    0.02  245.64   1.694   1.000   1.000
   35    10.0    22.2    10.0    0.00    0.00    0.00    0.00    0.00    2.26    2.23    0.02  243.39   1.679   1.000   1.000
   36     1.2    16.1    12.2   43.70    0.00    0.02   43.68    0.00    0.26    0.25    0.00  286.82   1.978   1.000   1.000
   37     3.8    20.0    14.4    1.80    0.00    0.00    1.80    4.03    0.87    0.86    0.01  283.72   1.957   1.000   1.000
   38     2.9    17.2    12.8    1.30    0.00    0.00    1.30    3.72    0.63    0.62    0.01  280.67   1.936   1.000   1.000
   39    16.9    21.7     5.6    0.00    0.00    0.00    0.00    3.42    3.65    3.62    0.03  273.60   1.887   1.000   1.000
   40    17.8    16.1     3.9    0.00    0.00    0.00    0.00    2.71    3.50    3.46    0.03  267.39   1.844   1.000   1.000
   41    17.5    17.8    -2.2    0.00    0.00    0.00    0.00    2.09    3.32    3.29    0.03  261.99   1.807   1.000   1.000
   42    15.0    20.0    -0.6    0.00    0.00    0.00    0.00    1.55    2.99    2.96    0.03  257.45   1.776   1.000   1.000
   43    16.7    22.2     1.7    0.00    0.00    0.00    0.00    1.10    3.51    3.47    0.03  252.85   1.744   1.000   1.000
   44    17.3    23.9     7.8    0.00    0.00    0.00    0.00    0.64    3.92    3.89    0.04  248.29   1.712   1.000   1.000
   45    11.9    23.3     3.9    0.00    0.00    0.00    0.00    0.18    2.59    2.56    0.02  245.53   1.693   1.000   1.000
   46    13.9    25.6     8.3    0.00    0.00    0.00    0.00    0.00    3.24    3.19    0.03  242.31   1.671   1.000   1.000
   47    13.7    24.4    17.2   30.20    0.00    0.00   30.20    0.00    3.38    3.26    0.03  269.22   1.857   1.000   1.000
   48     8.8    17.8     9.4    0.00    0.00    0.00    0.00    2.27    1.87    1.85    0.02  265.08   1.828   1.000   1.000
   49     9.3    17.2    10.6    0.00    0.00    0.00    0.00    1.86    1.98    1.96    0.02  261.24   1.802   1.000   1.000
   50    17.2    20.0     6.1    0.00    0.00    0.00    0.00    1.47    3.65    3.62    0.03  256.12   1.766   1.000   1.000
   51     5.8    19.4    11.1    0.00    0.00    0.00    0.00    0.96    1.28    1.27    0.01  253.88   1.751   1.000   1.000
   52     2.1    16.7     7.2   32.50    0.00    0.00   32.50    0.74    0.43    0.43    0.00  285.21   1.967   1.000   1.000
   53     4.6    22.8    11.1   23.40    0.00    0.00   23.40    3.87    1.06    1.05    0.01  303.68   2.094   1.000   1.000
   54    15.2    20.6    10.0    0.00    0.00    0.00    0.00    5.72    3.37    3.34    0.03  294.60   2.032   1.000   1.000
   55     5.5    20.6    10.6    0.30    0.00    0.00    0.30    4.81    1.22    1.21    0.01  288.86   1.992   1.000   1.000
   56    12.8    23.3    12.2    1.00    0.00    0.00    1.00    4.24    2.99    2.96    0.03  282.64   1.949   1.000   1.000
   57     8.0    21.7    12.2    0.00    0.00    0.00    0.00    3.61    1.83    1.82    0.02  277.19   1.912   1.000   1.000
   58    15.1    27.8    12.2    0.00    0.00    0.00    0.00    3.07    3.73    3.69    0.03  270.39   1.865   1.000   1.000
   59    13.1    32.8    12.2    0.00    0.00    0.00    0.00    2.39    3.43    3.40    0.03  264.58   1.825   1.000   1.000
   60    16.5    27.2    12.8   44.70    0.00    0.05   44.65    1.81    4.06    4.03    0.04  303.36   2.092   1.000   1.000
   61     9.2    20.6     8.9    0.00    0.00    0.00    0.00    5.69    2.02    2.00    0.02  295.66   2.039   1.000   1.000
   62    16.4    22.2     5.6    0.00    0.00    0.00    0.00    4.92    3.57    3.54    0.03  287.17   1.980   1.000   1.000
   63    19.6    23.9    10.0    0.00    0.00    0.00    0.00    4.07    4.53    4.49    0.04  278.57   1.921   1.000   1.000
   64    18.7    21.1     7.2    0.00    0.00    0.00    0.00    3.21    4.07    4.03    0.04  271.30   1.871   1.000   1.000
   65     8.1    20.0     9.4    0.00    0.00    0.00    0.00    2.48    1.77    1.75    0.02  267.05   1.842   1.000   1.000
   66     1.9    19.4    12.2   30.20    0.00    0.00   30.20    2.05    0.42    0.42    0.00  294.77   2.033   1.000   1.000
   67    16.3    23.9    16.7    4.10    0.00    0.00    4.10    4.83    3.98    3.95    0.04  290.06   2.000   1.000   1.000
   68     9.3    20.0    13.3    0.80    0.00    0.00    0.80    4.36    2.10    2.08    0.02  284.40   1.961   1.000   1.000
   69    19.2    24.4    10.6    0.00    0.00    0.00    0.00    3.79    4.49    4.45    0.04  276.12   1.904   1.000   1.000
   70    11.6    22.8     8.9    0.00    0.00    0.00    0.00    2.96    2.62    2.60    0.02  270.54   1.866   1.000   1.000
   71    10.9    15.6     7.8    0.00    0.00    0.00    0.00    2.40    2.21    2.19    0.02  265.93   1.834   1.000   1.000
   72    21.5    15.0     3.3    0.00    0.00    0.00    0.00    1.94    4.13    4.09    0.04  259.86   1.792   1.000   1.000
   73    21.8    22.2     1.7    0.00    0.00    0.00    0.00    1.34    4.58    4.54    0.04  253.95   1.751   1.000   1.000
   74    18.9    24.4     5.6    0.00    0.00    0.00    0.00    0.74    4.23    4.20    0.04  248.97   1.717   1.000   1.000
   75    21.0    25.6     7.8    0.00    0.00    0.00    0.00    0.25    4.87    4.82    0.04  243.85   1.682   1.000   1.000
   76    19.5    25.0    10.0    0.00    0.00    0.00    0.00    0.00    4.57    4.45    0.04  239.36   1.651   1.000   1.000
   77     7.1    23.9    12.8    0.00    0.00    0.00    0.00    0.00    1.68    1.59    0.02  237.75   1.640   1.000   1.000
   78    19.2    26.7    16.7    3.00    0.00    0.00    3.00    0.00    4.85    4.54    0.04  236.17   1.629   1.000   1.000
   79    16.3    22.2    11.1    0.00    0.00    0.00    0.00    0.00    3.72    3.45    0.03  232.69   1.605   1.000   1.000
   80    22.3    26.1     5.0    0.00    0.00    0.00    0.00    0.00    5.08    4.60    0.05  228.04   1.573   1.000   1.000
   81    17.1    27.8    10.0    0.00    0.00    0.00    0.00    0.00    4.15    3.63    0.04  224.37   1.547   1.000   1.000
   82    17.4    26.1    12.2    0.00    0.00    0.00    0.00    0.00    4.21    3.59    0.04  220.74   1.522   1.000   1.000
   83    11.9    25.6    14.4    0.00    0.00    0.00    0.00    0.00    2.91    2.42    0.03  218.29   1.505   1.000   1.000
   84    10.4    28.3    20.0    0.00    0.00    0.00    0.00    0.00    2.74    2.24    0.02  216.03   1.490   1.000   1.000
   85     3.3    28.3    20.6    3.80    0.00    0.00    3.80    0.00    0.87    0.70    0.01  219.12   1.511   1.000   1.000
   86     2.7    22.8    18.9   20.60    0.00    0.00   20.60    0.00    0.66    0.54    0.01  239.17   1.649   1.000   1.000
   87     7.9    27.2    18.9   83.30    0.00    6.98   76.32    0.00    2.04    1.93    0.02  313.55   2.162   1.000   1.000
   88     7.0    26.7    19.4   13.70    0.00    0.00   13.70    6.70    1.80    1.79    0.02  318.74   2.198   1.000   1.000
   89     2.8    20.6    15.6   42.70    0.00    0.01   42.69    7.22    0.65    0.64    0.01  353.56   2.438   1.000   1.000
   90    17.3    17.8     6.7   14.20    0.00    0.00   14.20   10.71    3.58    3.55    0.03  353.47   2.438   1.000   1.000
   91    25.5    16.1     0.0    0.00    0.00    0.00    0.00   10.70    4.81    4.77    0.04  337.96   2.331   1.000   1.000
   92    24.5    20.6     2.2    0.00    0.00    0.00    0.00    9.15    5.05    5.01    0.05  323.76   2.233   1.000   1.000
   93    13.0    22.8     5.0    4.60    0.00    0.00    4.60    7.73    2.84    2.81    0.03  317.80   2.192   1.000   1.000
   94    26.5    21.7     2.2    1.00    0.00    0.00    1.00    7.13    5.55    5.50    0.05  306.12   2.111   1.000   1.000
   95    26.1    17.8    -1.7    0.00    0.00    0.00    0.00    5.96    4.97    4.93    0.05  295.19   2.036   1.000   1.000
   96    24.8    21.7     2.2    0.00    0.00    0.00    0.00    4.87    5.20    5.15    0.05  285.12   1.966   1.000   1.000
   97    22.2    23.3    10.6    0.00    0.00    0.00    0.00    3.86    5.12    5.07    0.05  276.14   1.904   1.000   1.000
   98    21.5    23.3     8.3    0.00    0.00    0.00    0.00    2.96    4.86    4.82    0.04  268.32   1.850   1.000   1.000
   99    20.0    25.0     8.3    0.00    0.00    0.00    0.00    2.18    4.62    4.58    0.04  261.51   1.804   1.000   1.000
  100    21.4    26.7     8.3    0.00    0.00    0.00    0.00    1.50    5.05    5.01    0.05  254.96   1.758   1.000   1.000
  101    24.9    26.7    10.6    0.00    0.00    0.00    0.00    0.85    5.99    5.94    0.05  248.13   1.711   1.000   1.000
  102    25.5    27.8    10.6    0.00    0.00    0.00    0.00    0.16    6.22    6.16    0.06  241.75   1.667   1.000   1.000
  103    24.3    30.0    11.1    0.00    0.00    0.00    0.00    0.00    6.10    5.87    0.06  235.82   1.626   1.000   1.000
  104    12.4    30.0    16.1    0.00    0.00    0.00    0.00    0.00    3.24    2.99    0.03  232.80   1.606   1.000   1.000
  105    20.0    27.2    18.9    5.80    0.00    0.00    5.80    0.00    5.16    4.68    0.05  233.88   1.613   1.000   1.000
  106    21.9    25.6    11.1    0.00    0.00    0.00    0.00    0.00    5.22    4.76    0.05  229.07   1.580   1.000   1.000
  107    15.8    23.3     9.4    0.00    0.00    0.00    0.00    0.00    3.61    3.18    0.03  225.85   1.558   1.000   1.000
  108    20.0    25.0    13.9    0.00    0.00    0.00    0.00    0.00    4.84    4.18    0.04  221.63   1.529   1.000   1.000
  109    25.7    27.2     9.4    0.00    0.00    0.00    0.00    0.00    6.16    5.15    0.06  216.43   1.493   1.000   1.000
  110    22.9    29.4    11.7    0.00    0.00    0.00    0.00    0.00    5.74    4.61    0.05  211.76   1.460   1.000   1.000
  111    22.8    31.7    13.9    0.00    0.00    0.00    0.00    0.00    5.97    4.62    0.05  207.08   1.428   1.000   1.000
  112    23.8    33.9    15.6    0.00    0.00    0.00    0.00    0.00    6.46    4.82    0.06  202.21   1.395   0.963   1.000
  113    17.7    33.9    17.2    0.00    0.00    0.00    0.00    0.00    4.86    3.48    0.04  198.68   1.370   0.934   1.000
  114    26.0    30.6    16.1    0.00    0.00    0.00    0.00    0.00    6.83    4.74    0.06  193.89   1.337   0.894   1.000
  115    26.0    30.0    12.2    0.00    0.00    0.00    0.00    0.00    6.59    4.37    0.05  189.46   1.307   0.857   1.000
  116    24.8    25.0    12.8    0.00    0.00    0.00    0.00    0.00    5.95    3.79    0.05  185.63   1.280   0.824   1.000
  117    25.6    27.8     9.4    0.00    0.00    0.00    0.00    0.00    6.18    3.79    0.05  181.79   1.254   0.792   1.000
  118    25.8    30.0    12.2    0.00    0.00    0.00    0.00    0.00    6.54    3.85    0.05  177.90   1.227   0.760   1.000
  119    27.1    30.0    13.3    0.00    0.00    0.00    0.00    0.00    6.92    3.91    0.05  173.94   1.200   0.727   1.000
  120    25.7    32.2     8.9    0.00    0.00    0.00    0.00    0.00    6.51    3.52    0.04  170.38   1.175   0.697   1.000
  121    25.9    32.2    11.7    0.00    0.00    0.00    0.00    0.00    6.70    3.47    0.04  166.87   1.151   0.668   1.000
  122    26.8    31.7    12.8    0.00    0.00    0.00    0.00    0.00    6.95    3.45    0.04  163.37   1.127   0.638   1.000
  123    23.9    32.8    14.4    0.00    0.00    0.00    0.00    0.00    6.35    3.01    0.04  160.32   1.106   0.613   1.000
  124    22.4    32.2    17.2    0.00    0.00    0.00    0.00    0.00    6.04    2.75    0.03  157.54   1.086   0.590   1.000
  125    15.9    32.2    17.2    0.00    0.00    0.00    0.00    0.00    4.29    1.88    0.02  155.64   1.073   0.574   1.000
  126    17.4    27.2    16.7    0.00    0.00    0.00    0.00    0.00    4.42    1.88    0.02  153.73   1.060   0.558   1.000
  127    22.1    30.0    15.0    0.00    0.00    0.00    0.00    0.00    5.72    2.37    0.03  151.33   1.044   0.538   1.000
  128    16.0    31.1    16.7    0.00    0.00    0.00    0.00    0.00    4.25    1.70    0.02  149.61   1.032   0.523   1.000
  129    13.7    27.8    18.3    1.00    0.00    0.00    1.00    0.00    3.55    1.38    0.02  149.22   1.029   0.520   1.000
  130    15.7    29.4    15.0    0.00    0.00    0.00    0.00    0.00    4.04    1.56    0.02  147.64   1.018   0.507   1.000
  131    15.7    28.3    20.6    0.00    0.00    0.00    0.00    0.00    4.16    1.57    0.02  146.05   1.007   0.494   1.000
  132    19.1    30.0    18.3    4.10    0.00    0.00    4.10    0.00    5.07    1.86    0.02  148.27   1.023   0.512   1.000
  133    18.5    29.4    19.4    6.30    0.00    0.00    6.30    0.00    4.91    1.87    0.02  152.68   1.053   0.549   1.000
  134    12.6    28.9    19.4    7.10    0.00    0.00    7.10    0.00    3.33    1.36    0.02  158.40   1.092   0.597   1.000
  135    21.3    28.9    19.4    0.00    0.00    0.00    0.00    0.00    5.63    2.50    0.03  155.88   1.075   0.576   1.000
  136    20.5    29.4    18.9    8.10    0.00    0.00    8.10    0.00    5.43    2.32    0.03  161.63   1.115   0.624   1.000
  137    26.2    30.0    19.4    0.00    0.00    0.00    0.00    0.00    7.01    3.25    0.04  158.34   1.092   0.596   1.000
  138    25.0    31.7    18.9    0.00    0.00    0.00    0.00    0.00    6.78    3.01    0.04  155.30   1.071   0.571   1.000
  139    14.8    31.7    19.4   38.90    0.00    0.00   38.90    0.00    4.03    1.71    0.02  192.46   1.327   0.882   1.000
  140    27.3    31.7    18.3   10.90    0.00    0.00   10.90    0.00    7.38    4.83    0.06  198.47   1.369   0.932   1.000
  141    14.0    31.1    20.6   25.40    0.00    0.00   25.40    0.00    3.82    2.65    0.03  221.19   1.525   1.000   1.000
  142    20.7    29.4    21.1    2.00    0.00    0.00    2.00    0.00    5.57    4.64    0.05  218.50   1.507   1.000   1.000
  143    21.5    29.4    18.9    0.00    0.00    0.00    0.00    0.00    5.69    4.65    0.05  213.80   1.474   1.000   1.000
  144    24.5    29.4    19.4    0.00    0.00    0.00    0.00    0.00    6.51    5.13    0.06  208.62   1.439   1.000   1.000
  145    24.4    29.4    18.3    0.00    0.00    0.00    0.00    0.00    6.43    4.86    0.06  203.70   1.405   0.976   1.000
  146    25.3    29.4    17.2    0.00    0.00    0.00    0.00    0.00    6.61    4.79    0.06  198.85   1.371   0.935   1.000
  147    19.2    28.9    17.2    4.60    0.00    0.00    4.60    0.00    4.99    3.47    0.04  199.94   1.379   0.944   1.000
  148    20.9    29.4    19.4    0.00    0.00    0.00    0.00    0.00    5.55    3.90    0.05  195.99   1.352   0.911   1.000
  149    24.2    29.4    18.3    0.00    0.00    0.00    0.00    0.00    6.38    4.32    0.05  191.62   1.322   0.875   1.000
  150    24.9    29.4    18.3    0.00    0.00    0.00    0.00    0.00    6.56    4.26    0.05  187.31   1.292   0.839   1.000
  151    21.3    30.6    19.4    0.00    0.00    0.00    0.00    0.00    5.73    3.57    0.04  183.69   1.267   0.808   1.000
  152    27.0    33.3    20.0    0.00    0.00    0.00    0.00    0.00    7.51    4.51    0.06  179.12   1.235   0.770   1.000
  153    24.9    35.0    21.1    0.00    0.00    0.00    0.00    0.00    7.11    4.07    0.05  175.01   1.207   0.736   1.000
  154    25.4    33.9    21.7    0.00    0.00    0.00    0.00    0.00    7.20    3.93    0.05  171.02   1.179   0.702   1.000
  155    12.3    31.7    22.2    0.00    0.00    0.00    0.00    0.00    3.42    1.78    0.02  169.22   1.167   0.687   1.000
  156    16.5    31.7    20.6    0.00    0.00    0.00    0.00    0.00    4.53    2.32    0.03  166.88   1.151   0.668   1.000
  157    22.5    31.7    20.6    2.30    0.00    0.00    2.30    0.00    6.18    3.07    0.04  166.07   1.145   0.661   1.000
  158    26.7    31.7    19.4    0.00    0.00    0.00    0.00    0.00    7.27    3.57    0.04  162.45   1.120   0.631   1.000
  159    25.7    32.2    17.2    0.00    0.00    0.00    0.00    0.00    6.93    3.25    0.04  159.17   1.098   0.603   1.000
  160    28.3    33.3    16.1    0.00    0.00    0.00    0.00    0.00    7.66    3.43    0.04  155.69   1.074   0.574   1.000
  161    25.4    34.4    20.6    0.00    0.00    0.00    0.00    0.00    7.18    3.06    0.04  152.59   1.052   0.548   1.000
  162    22.8    34.4    20.6    0.00    0.00    0.00    0.00    0.00    6.44    2.63    0.03  149.93   1.034   0.526   1.000
  163    20.7    33.3    23.3    0.00    0.00    0.00    0.00    0.00    5.89    2.30    0.03  147.60   1.018   0.507   1.000
  164    17.8    33.3    21.7    0.00    0.00    0.00    0.00    0.00    5.01    1.89    0.02  145.69   1.005   0.491   1.000
  165    13.7    30.0    21.1    4.80    0.00    0.00    4.80    0.00    3.71    1.35    0.02  149.12   1.028   0.519   1.000
  166    26.2    33.9    20.6    0.00    0.00    0.00    0.00    0.00    7.37    2.84    0.03  146.24   1.009   0.495   1.000
  167    25.7    35.0    20.0    0.00    0.00    0.00    0.00    0.00    7.28    2.68    0.03  143.53   0.990   0.473   1.000
  168    22.4    32.2    21.1    0.00    0.00    0.00    0.00    0.00    6.21    2.18    0.03  141.33   0.975   0.454   1.000
  169    17.8    32.8    21.1    0.00    0.00    0.00    0.00    0.00    4.96    1.68    0.02  139.63   0.963   0.440   1.000
  170    23.3    32.8    21.1    0.00    0.00    0.00    0.00    0.00    6.50    2.12    0.03  137.48   0.948   0.422   1.000
  171    19.3    35.0    22.2    0.00    0.00    0.00    0.00    0.00    5.55    1.74    0.02  135.72   0.936   0.407   1.000
  172    16.1    33.3    22.2    0.00    0.00    0.00    0.00    0.00    4.55    1.38    0.02  134.32   0.926   0.396   1.000
  173    16.5    33.3    22.8   13.70    0.00    0.00   13.70    0.00    4.68    1.38    0.02  146.63   1.011   0.498   1.000
  174    16.5    33.3    23.3    6.60    0.00    0.00    6.60    0.00    4.70    1.74    0.02  151.47   1.045   0.539   1.000
  175    23.9    33.9    21.1    0.50    0.00    0.00    0.50    0.00    6.74    2.70    0.03  149.24   1.029   0.520   1.000
  176    20.4    33.9    20.6    0.00    0.00    0.00    0.00    0.00    5.74    2.22    0.03  146.99   1.014   0.501   1.000
  177    17.0    33.3    23.3    6.30    0.00    0.00    6.30    0.00    4.84    1.80    0.02  151.47   1.045   0.539   1.000
  178    15.6    30.0    22.2   35.10    0.00    0.00   35.10    0.00    4.26    1.70    0.02  184.84   1.275   0.818   1.000
  179    17.7    32.2    22.8    1.00    0.00    0.00    1.00    0.00    4.96    3.02    0.04  182.79   1.261   0.801   1.000
  180    13.3    31.7    21.1    4.60    0.00    0.00    4.60    0.00    3.67    2.18    0.03  185.18   1.277   0.821   1.000
  181    21.4    32.8    21.7    0.00    0.00    0.00    0.00    0.00    5.99    3.66    0.04  181.48   1.252   0.790   1.000
  182    23.1    34.4    23.3    0.00    0.00    0.00    0.00    0.00    6.65    3.90    0.05  177.53   1.224   0.757   1.000
  183    19.3    33.9    23.3    5.10    0.00    0.00    5.10    0.00    5.53    3.11    0.04  179.48   1.238   0.773   1.000
  184    21.0    32.8    22.8    1.30    0.00    0.00    1.30    0.00    5.93    3.41    0.04  177.33   1.223   0.755   1.000
  185    22.2    35.0    22.2    0.00    0.00    0.00    0.00    0.00    6.38    3.58    0.04  173.71   1.198   0.725   1.000
  186    17.2    35.0    21.7    0.00    0.00    0.00    0.00    0.00    4.93    2.65    0.03  171.02   1.179   0.702   1.000
  187    26.4    35.6    22.2    0.00    0.00    0.00    0.00    0.00    7.84    4.09    0.05  166.87   1.151   0.668   1.000
  188    24.6    34.4    22.2    0.80    0.00    0.00    0.80    0.00    7.03    3.49    0.04  164.14   1.132   0.645   1.000
  189    21.6    34.4    21.7    0.50    0.00    0.00    0.50    0.00    6.15    2.95    0.04  161.66   1.115   0.624   1.000
  190    19.4    36.7    21.1   25.90    0.00    0.00   25.90    0.00    6.07    2.81    0.03  184.71   1.274   0.817   1.000
  191    19.2    35.0    21.7   11.90    0.00    0.00   11.90    0.00    5.50    3.34    0.04  193.23   1.333   0.888   1.000
  192    22.0    35.0    22.8    0.00    0.00    0.00    0.00    0.00    6.35    4.19    0.05  188.99   1.303   0.853   1.000
  193    21.7    35.6    23.3    0.00    0.00    0.00    0.00    0.00    6.50    4.12    0.05  184.82   1.275   0.818   1.000
  194    25.1    36.7    24.4    0.00    0.00    0.00    0.00    0.00    8.02    4.88    0.06  179.88   1.241   0.776   1.000
  195     9.2    31.1    22.2    3.80    0.00    0.00    3.80    0.00    2.54    1.47    0.02  182.20   1.257   0.796   1.000
  196     8.4    28.9    23.3    3.80    0.00    0.00    3.80    0.00    2.28    1.35    0.02  184.63   1.273   0.816   1.000
  197    24.3    33.3    22.8    0.00    0.00    0.00    0.00    0.00    6.89    4.18    0.05  180.40   1.244   0.781   1.000
  198    25.7    32.8    20.0    0.00    0.00    0.00    0.00    0.00    7.11    4.13    0.05  176.22   1.215   0.746   1.000
  199    18.6    32.8    23.3    0.80    0.00    0.00    0.80    0.00    5.27    2.92    0.04  174.07   1.200   0.728   1.000
  200    20.2    32.2    21.1    1.80    0.00    0.00    1.80    0.00    5.60    3.03    0.04  172.80   1.192   0.717   1.000
  201    19.0    32.8    22.8    0.50    0.00    0.00    0.50    0.00    5.36    2.86    0.03  170.41   1.175   0.697   1.000
  202    19.0    33.3    24.4   20.10    0.00    0.00   20.10    0.00    5.45    2.82    0.03  187.65   1.294   0.841   1.000
  203    26.2    33.9    21.1    0.00    0.00    0.00    0.00    0.00    7.39    4.62    0.06  182.97   1.262   0.802   1.000
  204    24.4    35.6    20.0    0.00    0.00    0.00    0.00    0.00    7.14    4.26    0.05  178.66   1.232   0.766   1.000
  205    23.8    35.0    20.0   14.50    0.00    0.00   14.50    0.00    6.74    3.84    0.05  189.28   1.305   0.855   1.000
  206    17.0    32.8    22.2    1.00    0.00    0.00    1.00    0.00    4.78    3.04    0.04  187.20   1.291   0.838   1.000
  207    22.0    33.9    21.7    1.00    0.00    0.00    1.00    0.00    6.23    3.88    0.05  184.28   1.271   0.813   1.000
  208    20.3    33.9    21.7    0.00    0.00    0.00    0.00    0.00    5.75    3.48    0.04  180.76   1.247   0.784   1.000
  209    24.6    33.3    22.2    5.10    0.00    0.00    5.10    0.00    6.95    4.05    0.05  181.76   1.254   0.792   1.000
  210    22.8    33.3    22.8    0.00    0.00    0.00    0.00    0.00    6.47    3.81    0.05  177.90   1.227   0.760   1.000
  211    18.7    33.3    23.3    0.00    0.00    0.00    0.00    0.00    5.32    3.01    0.04  174.86   1.206   0.734   1.000
  212    11.6    31.1    22.2    1.30    0.00    0.00    1.30    0.00    3.20    1.75    0.02  174.39   1.203   0.731   1.000
  213    21.2    33.3    21.1    2.50    0.00    0.00    2.50    0.00    5.94    3.23    0.04  173.63   1.197   0.724   1.000
  214    17.3    31.7    22.8   18.00    0.00    0.00   18.00    0.00    4.83    2.60    0.03  189.00   1.303   0.853   1.000
  215    14.5    31.7    22.2    1.80    0.00    0.00    1.80    0.00    4.03    2.55    0.03  188.21   1.298   0.846   1.000
  216    22.3    32.2    22.8   10.40    0.00    0.00   10.40    0.00    6.25    3.93    0.05  194.63   1.342   0.900   1.000
  217    16.3    32.2    23.9    1.30    0.00    0.00    1.30    0.00    4.61    3.08    0.04  192.81   1.330   0.885   1.000
  218    23.5    34.4    23.3    0.00    0.00    0.00    0.00    0.00    6.77    4.45    0.05  188.31   1.299   0.847   1.000
  219    24.4    35.6    24.4    0.00    0.00    0.00    0.00    0.00    7.36    4.63    0.06  183.62   1.266   0.808   1.000
  220    23.7    37.8    23.9    0.00    0.00    0.00    0.00    0.00    7.99    4.80    0.06  178.77   1.233   0.767   1.000
  221    22.8    36.7    24.4    0.00    0.00    0.00    0.00    0.00    7.29    4.16    0.05  174.56   1.204   0.732   1.000
  222    18.8    35.6    24.4   88.90    0.00    8.78   80.12    0.00    5.67    3.08    0.04  251.56   1.735   1.000   1.000
  223    15.6    35.0    20.6    5.60    0.00    0.00    5.60    0.51    4.44    4.40    0.04  252.22   1.739   1.000   1.000
  224    15.0    32.8    21.7    3.30    0.00    0.00    3.30    0.57    4.20    4.16    0.04  250.74   1.729   1.000   1.000
  225    12.9    30.0    22.8    0.00    0.00    0.00    0.00    0.42    3.53    3.50    0.03  246.78   1.702   1.000   1.000
  226     7.6    27.8    22.8    2.50    0.00    0.00    2.50    0.03    2.03    2.02    0.02  247.22   1.705   1.000   1.000
  227     7.3    27.8    22.2    2.00    0.00    0.00    2.00    0.07    1.94    1.93    0.02  247.20   1.705   1.000   1.000
  228    16.8    31.7    21.7    0.00    0.00    0.00    0.00    0.07    4.65    4.61    0.04  242.48   1.672   1.000   1.000
  229    22.0    33.9    22.8    0.00    0.00    0.00    0.00    0.00    6.28    6.07    0.06  236.36   1.630   1.000   1.000
  230    21.4    34.4    22.8    0.00    0.00    0.00    0.00    0.00    6.14    5.70    0.06  230.61   1.590   1.000   1.000
  231    19.3    33.9    22.2    0.00    0.00    0.00    0.00    0.00    5.49    4.90    0.05  225.66   1.556   1.000   1.000
  232    23.5    34.4    23.3    0.00    0.00    0.00    0.00    0.00    6.77    5.83    0.06  219.77   1.516   1.000   1.000
  233    21.0    35.0    22.8    0.00    0.00    0.00    0.00    0.00    6.06    5.00    0.05  214.72   1.481   1.000   1.000
  234    22.5    33.9    22.8    0.00    0.00    0.00    0.00    0.00    6.42    5.10    0.06  209.56   1.445   1.000   1.000
  235    22.5    35.0    21.7    0.00    0.00    0.00    0.00    0.00    6.45    4.91    0.06  204.59   1.411   0.983   1.000
  236    22.4    36.7    20.0    0.00    0.00    0.00    0.00    0.00    6.95    5.08    0.06  199.45   1.376   0.940   1.000
  237    21.4    35.0    22.2    0.00    0.00    0.00    0.00    0.00    6.15    4.30    0.05  195.10   1.346   0.904   1.000
  238    22.5    35.6    22.2    0.00    0.00    0.00    0.00    0.00    6.69    4.49    0.05  190.56   1.314   0.866   1.000
  239    22.1    36.1    22.2    0.00    0.00    0.00    0.00    0.00    6.75    4.34    0.05  186.16   1.284   0.829   1.000
  240    22.1    35.6    22.8    0.00    0.00    0.00    0.00    0.00    6.59    4.06    0.05  182.05   1.256   0.795   1.000
  241    21.7    36.1    22.8    0.00    0.00    0.00    0.00    0.00    6.65    3.93    0.05  178.08   1.228   0.761   1.000
  242    15.3    35.0    23.3    0.80    0.00    0.00    0.80    0.00    4.43    2.51    0.03  176.34   1.216   0.747   1.000
  243    21.4    34.4    22.2    0.00    0.00    0.00    0.00    0.00    6.12    3.39    0.04  172.90   1.192   0.718   1.000
  244    14.4    33.9    22.2    0.30    0.00    0.00    0.30    0.00    4.09    2.18    0.03  170.99   1.179   0.702   1.000
  245     7.6    27.8    20.6    2.00    0.00    0.00    2.00    0.00    2.00    1.04    0.01  171.93   1.186   0.710   1.000
  246     7.7    28.9    22.8    1.30    0.00    0.00    1.30    0.00    2.09    1.10    0.01  172.12   1.187   0.712   1.000
  247    12.5    31.1    22.2    0.00    0.00    0.00    0.00    0.00    3.45    1.83    0.02  170.27   1.174   0.696   1.000
  248    14.3    33.3    21.7    0.00    0.00    0.00    0.00    0.00    4.03    2.08    0.03  168.16   1.160   0.678   1.000
  249    11.2    32.2    22.2    2.00    0.00    0.00    2.00    0.00    3.13    1.58    0.02  168.57   1.163   0.682   1.000
  250    21.6    34.4    20.6    0.00    0.00    0.00    0.00    0.00    6.10    3.09    0.04  165.44   1.141   0.656   1.000
  251    18.2    32.8    20.6    1.00    0.00    0.00    1.00    0.00    5.06    2.47    0.03  163.94   1.131   0.643   1.000
  252    21.4    34.4    21.7    0.00    0.00    0.00    0.00    0.00    6.09    2.91    0.04  160.99   1.110   0.619   1.000
  253    18.8    35.0    21.7    0.00    0.00    0.00    0.00    0.00    5.39    2.48    0.03  158.49   1.093   0.598   1.000
  254    11.5    32.8    22.2    0.50    0.00    0.00    0.50    0.00    3.23    1.44    0.02  157.53   1.086   0.590   1.000
  255     7.8    31.7    22.2   46.70    0.00    0.12   46.58    0.00    2.17    0.95    0.01  203.15   1.401   0.971   1.000
  256    17.6    32.2    21.7    3.30    0.00    0.00    3.30    0.00    4.90    3.53    0.04  202.87   1.399   0.969   1.000
  257    20.0    33.9    21.7    0.00    0.00    0.00    0.00    0.00    5.67    4.08    0.05  198.74   1.371   0.934   1.000
  258    20.3    33.9    22.2    0.00    0.00    0.00    0.00    0.00    5.77    4.01    0.05  194.69   1.343   0.900   1.000
  259    20.7    34.4    22.2    0.00    0.00    0.00    0.00    0.00    5.92    3.96    0.05  190.68   1.315   0.867   1.000
  260    20.7    34.4    22.2    0.00    0.00    0.00    0.00    0.00    5.92    3.81    0.05  186.82   1.288   0.834   1.000
  261    16.5    32.8    20.6    0.50    0.00    0.00    0.50    0.00    4.59    2.84    0.03  184.44   1.272   0.815   1.000
  262    14.1    31.7    21.7   31.50    0.00    0.00   31.50    0.00    3.90    2.36    0.03  213.55   1.473   1.000   1.000
  263    13.2    31.7    22.2    0.00    0.00    0.00    0.00    0.00    3.67    2.88    0.03  210.64   1.453   1.000   1.000
  264    20.3    31.7    20.0    0.00    0.00    0.00    0.00    0.00    5.55    4.27    0.05  206.32   1.423   0.997   1.000
  265    10.4    30.6    18.3    0.00    0.00    0.00    0.00    0.00    2.78    2.06    0.03  204.24   1.409   0.980   1.000
  266     7.6    25.6    21.7    0.00    0.00    0.00    0.00    0.00    1.97    1.43    0.02  202.79   1.399   0.968   1.000
  267    20.8    30.0    15.6    0.00    0.00    0.00    0.00    0.00    5.41    3.89    0.05  198.85   1.371   0.935   1.000
  268    19.3    30.6    15.0    0.00    0.00    0.00    0.00    0.00    5.03    3.49    0.04  195.31   1.347   0.905   1.000
  269    15.8    31.1    16.7    0.00    0.00    0.00    0.00    0.00    4.19    2.82    0.03  192.46   1.327   0.882   1.000
  270    15.8    32.8    17.8    0.00    0.00    0.00    0.00    0.00    4.31    2.82    0.03  189.60   1.308   0.858   1.000
  271    14.5    32.2    20.6    0.00    0.00    0.00    0.00    0.00    4.00    2.55    0.03  187.02   1.290   0.836   1.000
  272    15.3    33.3    21.1    0.80    0.00    0.00    0.80    0.00    4.29    2.67    0.03  185.12   1.277   0.820   1.000
  273     6.5    30.0    22.2    3.30    0.00    0.00    3.30    0.00    1.77    1.08    0.01  187.32   1.292   0.839   1.000
  274    21.9    27.8    16.1    6.90    0.00    0.00    6.90    0.00    5.57    3.47    0.04  190.71   1.315   0.867   1.000
  275    22.5    28.9    14.4    0.00    0.00    0.00    0.00    0.00    5.72    3.69    0.04  186.98   1.289   0.836   1.000
  276    22.3    28.9    12.8    0.00    0.00    0.00    0.00    0.00    5.60    3.48    0.04  183.45   1.265   0.806   1.000
  277    22.3    28.9    10.0    0.00    0.00    0.00    0.00    0.00    5.48    3.28    0.04  180.13   1.242   0.778   1.000
  278    21.8    28.3    11.1    0.00    0.00    0.00    0.00    0.00    5.37    3.11    0.04  176.98   1.221   0.752   1.000
  279    20.7    27.8    11.7    0.00    0.00    0.00    0.00    0.00    5.09    2.85    0.03  174.10   1.201   0.728   1.000
  280    19.1    26.7    12.8    0.00    0.00    0.00    0.00    0.00    4.68    2.53    0.03  171.54   1.183   0.707   1.000
  281    19.9    26.1     7.8    0.00    0.00    0.00    0.00    0.00    4.64    2.44    0.03  169.07   1.166   0.686   1.000
  282    17.7    27.8    10.6    0.00    0.00    0.00    0.00    0.00    4.31    2.20    0.03  166.85   1.151   0.667   1.000
  283    11.3    27.8    16.7    0.00    0.00    0.00    0.00    0.00    2.89    1.43    0.02  165.40   1.141   0.655   1.000
  284     4.1    24.4    20.6    0.00    0.00    0.00    0.00    0.00    1.04    0.51    0.01  164.88   1.137   0.651   1.000
  285     6.9    25.0    19.4    0.00    0.00    0.00    0.00    0.00    1.74    0.84    0.01  164.03   1.131   0.644   1.000
  286    19.0    21.7    13.3    0.00    0.00    0.00    0.00    0.00    4.39    2.10    0.03  161.90   1.117   0.626   1.000
  287    20.1    22.2    10.0    0.00    0.00    0.00    0.00    0.00    4.55    2.12    0.03  159.76   1.102   0.608   1.000
  288    13.4    24.4     9.4    0.00    0.00    0.00    0.00    0.00    3.10    1.40    0.02  158.34   1.092   0.596   1.000
  289    20.0    27.8    11.7    0.00    0.00    0.00    0.00    0.00    4.92    2.18    0.03  156.14   1.077   0.578   1.000
  290    17.7    29.4    15.0    0.00    0.00    0.00    0.00    0.00    4.55    1.95    0.02  154.16   1.063   0.561   1.000
  291    19.9    29.4    15.0    0.00    0.00    0.00    0.00    0.00    5.12    2.13    0.03  152.00   1.048   0.543   1.000
  292    16.7    31.1    15.6    0.00    0.00    0.00    0.00    0.00    4.40    1.77    0.02  150.20   1.036   0.528   1.000
  293    16.6    31.1    16.7    0.00    0.00    0.00    0.00    0.00    4.40    1.73    0.02  148.45   1.024   0.514   1.000
